<?xml version="1.0" encoding="UTF-8"?>
<testng-results ignored="0" total="2" passed="2" failed="0" skipped="0">
  <reporter-output>
  </reporter-output>
  <suite started-at="2024-06-21T09:14:01Z" name="Suite" finished-at="2024-06-21T09:14:25Z" duration-ms="23937">
    <groups>
    </groups>
    <test started-at="2024-06-21T09:14:01Z" name="Keka login" finished-at="2024-06-21T09:14:01Z" duration-ms="10">
    </test> <!-- Keka login -->
    <test started-at="2024-06-21T09:14:01Z" name="create ticket" finished-at="2024-06-21T09:14:25Z" duration-ms="23818">
      <class name="Login.CreateTicket">
        <test-method is-config="true" signature="createticket()[pri:0, instance:Login.CreateTicket@618c5d94]" started-at="2024-06-21T09:14:01Z" name="createticket" finished-at="2024-06-21T09:14:20Z" duration-ms="19279" status="PASS">
          <reporter-output>
          </reporter-output>
        </test-method> <!-- createticket -->
        <test-method signature="allticketaction()[pri:0, instance:Login.CreateTicket@618c5d94]" started-at="2024-06-21T09:14:20Z" name="allticketaction" finished-at="2024-06-21T09:14:24Z" duration-ms="3580" status="PASS">
          <reporter-output>
          </reporter-output>
        </test-method> <!-- allticketaction -->
        <test-method signature="openallticket()[pri:0, instance:Login.CreateTicket@618c5d94]" started-at="2024-06-21T09:14:24Z" name="openallticket" finished-at="2024-06-21T09:14:25Z" duration-ms="925" status="PASS">
          <reporter-output>
          </reporter-output>
        </test-method> <!-- openallticket -->
      </class> <!-- Login.CreateTicket -->
    </test> <!-- create ticket -->
  </suite> <!-- Suite -->
</testng-results>
